-------------------------------------------------------------------------------
Test set: testRunner.TestRunner
-------------------------------------------------------------------------------
Tests run: 7, Failures: 1, Errors: 0, Skipped: 0, Time elapsed: 27.363 s <<< FAILURE! - in testRunner.TestRunner
Login.Login Data Driven #4  Time elapsed: 2.719 s  <<< FAILURE!
java.lang.AssertionError: Login failed with invalid credentials
	at org.junit.Assert.fail(Assert.java:89)
	at org.junit.Assert.assertTrue(Assert.java:42)
	at stepDefinitions.Steps.page_title_should_be(Steps.java:96)
	at âœ½.Page title should be "Login: Mercury Tours"(file:///Volumes/files/applications/eclipse-workspace-1/newtours.cucumberRevision.sdet/src/test/resources/Features/Login.feature:20)

