<?xml version="1.0" encoding="UTF-8"?>
<testsuite xmlns:xsi="http://www.w3.org/2001/XMLSchema-instance" xsi:noNamespaceSchemaLocation="https://maven.apache.org/surefire/maven-surefire-plugin/xsd/surefire-test-report-3.0.xsd" version="3.0" name="testRunner.TestRunner" time="27.363" tests="7" errors="0" skipped="0" failures="1">
  <properties>
[...]
</properties>
  <testcase name="Successful Login with Valid Credentials" classname="Login" time="3.956">
    <system-out><![CDATA[
@sanity
Scenario: Successful Login with Valid Credentials                 # src/test/resources/Features/Login.feature:4
18:15:58.467 [main] INFO  stepDefinitions.BaseClass - Browser is launched
  Given User launch chrome browser                                # stepDefinitions.Steps.user_launch_chrome_browser()
18:15:58.477 [main] INFO  stepDefinitions.BaseClass - Baseurl is opened
  When User opens url "https://demo.guru99.com/test/newtours/"    # stepDefinitions.Steps.user_opens_url(java.lang.String)
18:15:59.447 [main] INFO  stepDefinitions.BaseClass - Entered username and password
  Then User enters User Name as "KusMeh" and Password as "KusMeh" # stepDefinitions.Steps.user_enters_user_name_as_and_password_as(java.lang.String,java.lang.String)
18:15:59.555 [main] INFO  stepDefinitions.BaseClass - Clicked Submit
  And Clicks on submit button                                     # stepDefinitions.Steps.clicks_on_submit_button()
18:16:00.125 [main] INFO  stepDefinitions.BaseClass - Login Passed with valid credentials
  Then Page title should be "Login: Mercury Tours"                # stepDefinitions.Steps.page_title_should_be(java.lang.String)
18:16:00.129 [main] INFO  stepDefinitions.BaseClass - Clicking SignOff
  When User clicks on SIGN-OFF link                               # stepDefinitions.Steps.user_clicks_on_sign_off_link()
18:16:00.556 [main] INFO  stepDefinitions.BaseClass - Login Passed with valid credentials
  Then Page title should be "Welcome: Mercury Tours"              # stepDefinitions.Steps.page_title_should_be(java.lang.String)
18:16:00.558 [main] INFO  stepDefinitions.BaseClass - Browser Closed
  And Close browser                                               # stepDefinitions.Steps.close_browser()
]]></system-out>
    <system-err><![CDATA[SLF4J: Failed to load class "org.slf4j.impl.StaticLoggerBinder".
SLF4J: Defaulting to no-operation (NOP) logger implementation
SLF4J: See http://www.slf4j.org/codes.html#StaticLoggerBinder for further details.
Starting ChromeDriver 108.0.5359.71 (1e0e3868ee06e91ad636a874420e3ca3ae3756ac-refs/branch-heads/5359@{#1016}) on port 26888
Only local connections are allowed.
Please see https://chromedriver.chromium.org/security-considerations for suggestions on keeping ChromeDriver safe.
ChromeDriver was started successfully.
Jan 06, 2023 6:15:58 PM org.openqa.selenium.devtools.CdpVersionFinder findNearestMatch
WARNING: Unable to find an exact match for CDP version 108, so returning the closest version found: 106
]]></system-err>
  </testcase>
  <testcase name="Login Data Driven #1" classname="Login" time="3.084">
    <system-out><![CDATA[
@regression
Scenario Outline: Login Data Driven                               # src/test/resources/Features/Login.feature:27
18:16:01.718 [main] INFO  stepDefinitions.BaseClass - Browser is launched
  Given User launch chrome browser                                # stepDefinitions.Steps.user_launch_chrome_browser()
18:16:01.719 [main] INFO  stepDefinitions.BaseClass - Baseurl is opened
  When User opens url "https://demo.guru99.com/test/newtours/"    # stepDefinitions.Steps.user_opens_url(java.lang.String)
18:16:02.666 [main] INFO  stepDefinitions.BaseClass - Entered username and password
  Then User enters User Name as "KusMeh" and Password as "KusMeh" # stepDefinitions.Steps.user_enters_user_name_as_and_password_as(java.lang.String,java.lang.String)
18:16:02.770 [main] INFO  stepDefinitions.BaseClass - Clicked Submit
  And Clicks on submit button                                     # stepDefinitions.Steps.clicks_on_submit_button()
18:16:03.287 [main] INFO  stepDefinitions.BaseClass - Login Passed with valid credentials
  Then Page title should be "Login: Mercury Tours"                # stepDefinitions.Steps.page_title_should_be(java.lang.String)
18:16:03.290 [main] INFO  stepDefinitions.BaseClass - Clicking SignOff
  When User clicks on SIGN-OFF link                               # stepDefinitions.Steps.user_clicks_on_sign_off_link()
18:16:03.673 [main] INFO  stepDefinitions.BaseClass - Login Passed with valid credentials
  Then Page title should be "Welcome: Mercury Tours"              # stepDefinitions.Steps.page_title_should_be(java.lang.String)
18:16:03.676 [main] INFO  stepDefinitions.BaseClass - Browser Closed
  And Close browser                                               # stepDefinitions.Steps.close_browser()
]]></system-out>
    <system-err><![CDATA[Starting ChromeDriver 108.0.5359.71 (1e0e3868ee06e91ad636a874420e3ca3ae3756ac-refs/branch-heads/5359@{#1016}) on port 13152
Only local connections are allowed.
Please see https://chromedriver.chromium.org/security-considerations for suggestions on keeping ChromeDriver safe.
ChromeDriver was started successfully.
Jan 06, 2023 6:16:01 PM org.openqa.selenium.devtools.CdpVersionFinder findNearestMatch
WARNING: Unable to find an exact match for CDP version 108, so returning the closest version found: 106
]]></system-err>
  </testcase>
  <testcase name="Login Data Driven #2" classname="Login" time="3.267">
    <system-out><![CDATA[
@regression
Scenario Outline: Login Data Driven                               # src/test/resources/Features/Login.feature:28
18:16:04.811 [main] INFO  stepDefinitions.BaseClass - Browser is launched
  Given User launch chrome browser                                # stepDefinitions.Steps.user_launch_chrome_browser()
18:16:04.811 [main] INFO  stepDefinitions.BaseClass - Baseurl is opened
  When User opens url "https://demo.guru99.com/test/newtours/"    # stepDefinitions.Steps.user_opens_url(java.lang.String)
18:16:05.869 [main] INFO  stepDefinitions.BaseClass - Entered username and password
  Then User enters User Name as "RicVer" and Password as "RicVer" # stepDefinitions.Steps.user_enters_user_name_as_and_password_as(java.lang.String,java.lang.String)
18:16:05.961 [main] INFO  stepDefinitions.BaseClass - Clicked Submit
  And Clicks on submit button                                     # stepDefinitions.Steps.clicks_on_submit_button()
18:16:06.542 [main] INFO  stepDefinitions.BaseClass - Login Passed with valid credentials
  Then Page title should be "Login: Mercury Tours"                # stepDefinitions.Steps.page_title_should_be(java.lang.String)
18:16:06.544 [main] INFO  stepDefinitions.BaseClass - Clicking SignOff
  When User clicks on SIGN-OFF link                               # stepDefinitions.Steps.user_clicks_on_sign_off_link()
18:16:06.941 [main] INFO  stepDefinitions.BaseClass - Login Passed with valid credentials
  Then Page title should be "Welcome: Mercury Tours"              # stepDefinitions.Steps.page_title_should_be(java.lang.String)
18:16:06.943 [main] INFO  stepDefinitions.BaseClass - Browser Closed
  And Close browser                                               # stepDefinitions.Steps.close_browser()
]]></system-out>
    <system-err><![CDATA[Starting ChromeDriver 108.0.5359.71 (1e0e3868ee06e91ad636a874420e3ca3ae3756ac-refs/branch-heads/5359@{#1016}) on port 7927
Only local connections are allowed.
Please see https://chromedriver.chromium.org/security-considerations for suggestions on keeping ChromeDriver safe.
ChromeDriver was started successfully.
Jan 06, 2023 6:16:04 PM org.openqa.selenium.devtools.CdpVersionFinder findNearestMatch
WARNING: Unable to find an exact match for CDP version 108, so returning the closest version found: 106
]]></system-err>
  </testcase>
  <testcase name="Login Data Driven #3" classname="Login" time="3.326">
    <system-out><![CDATA[
@regression
Scenario Outline: Login Data Driven                               # src/test/resources/Features/Login.feature:29
18:16:08.069 [main] INFO  stepDefinitions.BaseClass - Browser is launched
  Given User launch chrome browser                                # stepDefinitions.Steps.user_launch_chrome_browser()
18:16:08.070 [main] INFO  stepDefinitions.BaseClass - Baseurl is opened
  When User opens url "https://demo.guru99.com/test/newtours/"    # stepDefinitions.Steps.user_opens_url(java.lang.String)
18:16:09.174 [main] INFO  stepDefinitions.BaseClass - Entered username and password
  Then User enters User Name as "DeeSha" and Password as "DeeSha" # stepDefinitions.Steps.user_enters_user_name_as_and_password_as(java.lang.String,java.lang.String)
18:16:09.267 [main] INFO  stepDefinitions.BaseClass - Clicked Submit
  And Clicks on submit button                                     # stepDefinitions.Steps.clicks_on_submit_button()
18:16:09.830 [main] INFO  stepDefinitions.BaseClass - Login Passed with valid credentials
  Then Page title should be "Login: Mercury Tours"                # stepDefinitions.Steps.page_title_should_be(java.lang.String)
18:16:09.832 [main] INFO  stepDefinitions.BaseClass - Clicking SignOff
  When User clicks on SIGN-OFF link                               # stepDefinitions.Steps.user_clicks_on_sign_off_link()
18:16:10.266 [main] INFO  stepDefinitions.BaseClass - Login Passed with valid credentials
  Then Page title should be "Welcome: Mercury Tours"              # stepDefinitions.Steps.page_title_should_be(java.lang.String)
18:16:10.268 [main] INFO  stepDefinitions.BaseClass - Browser Closed
  And Close browser                                               # stepDefinitions.Steps.close_browser()
]]></system-out>
    <system-err><![CDATA[Starting ChromeDriver 108.0.5359.71 (1e0e3868ee06e91ad636a874420e3ca3ae3756ac-refs/branch-heads/5359@{#1016}) on port 48596
Only local connections are allowed.
Please see https://chromedriver.chromium.org/security-considerations for suggestions on keeping ChromeDriver safe.
ChromeDriver was started successfully.
Jan 06, 2023 6:16:07 PM org.openqa.selenium.devtools.CdpVersionFinder findNearestMatch
WARNING: Unable to find an exact match for CDP version 108, so returning the closest version found: 106
]]></system-err>
  </testcase>
  <testcase name="Login Data Driven #4" classname="Login" time="2.719">
    <failure message="Login failed with invalid credentials" type="java.lang.AssertionError"><![CDATA[java.lang.AssertionError: Login failed with invalid credentials
	at org.junit.Assert.fail(Assert.java:89)
	at org.junit.Assert.assertTrue(Assert.java:42)
	at stepDefinitions.Steps.page_title_should_be(Steps.java:96)
	at ✽.Page title should be "Login: Mercury Tours"(file:///Volumes/files/applications/eclipse-workspace-1/newtours.cucumberRevision.sdet/src/test/resources/Features/Login.feature:20)
]]></failure>
    <system-out><![CDATA[
@regression
Scenario Outline: Login Data Driven                               # src/test/resources/Features/Login.feature:30
18:16:11.378 [main] INFO  stepDefinitions.BaseClass - Browser is launched
  Given User launch chrome browser                                # stepDefinitions.Steps.user_launch_chrome_browser()
18:16:11.379 [main] INFO  stepDefinitions.BaseClass - Baseurl is opened
  When User opens url "https://demo.guru99.com/test/newtours/"    # stepDefinitions.Steps.user_opens_url(java.lang.String)
18:16:12.374 [main] INFO  stepDefinitions.BaseClass - Entered username and password
  Then User enters User Name as "MohShe" and Password as "MohShe" # stepDefinitions.Steps.user_enters_user_name_as_and_password_as(java.lang.String,java.lang.String)
18:16:12.469 [main] INFO  stepDefinitions.BaseClass - Clicked Submit
  And Clicks on submit button                                     # stepDefinitions.Steps.clicks_on_submit_button()
18:16:12.954 [main] INFO  stepDefinitions.BaseClass - Login failed with invalid credentials
  Then Page title should be "Login: Mercury Tours"                # stepDefinitions.Steps.page_title_should_be(java.lang.String)
      java.lang.AssertionError: Login failed with invalid credentials
	at org.junit.Assert.fail(Assert.java:89)
	at org.junit.Assert.assertTrue(Assert.java:42)
	at stepDefinitions.Steps.page_title_should_be(Steps.java:96)
	at ✽.Page title should be "Login: Mercury Tours"(file:///Volumes/files/applications/eclipse-workspace-1/newtours.cucumberRevision.sdet/src/test/resources/Features/Login.feature:20)

  When User clicks on SIGN-OFF link                               # stepDefinitions.Steps.user_clicks_on_sign_off_link()
  Then Page title should be "Welcome: Mercury Tours"              # stepDefinitions.Steps.page_title_should_be(java.lang.String)
  And Close browser                                               # stepDefinitions.Steps.close_browser()
]]></system-out>
    <system-err><![CDATA[Starting ChromeDriver 108.0.5359.71 (1e0e3868ee06e91ad636a874420e3ca3ae3756ac-refs/branch-heads/5359@{#1016}) on port 49068
Only local connections are allowed.
Please see https://chromedriver.chromium.org/security-considerations for suggestions on keeping ChromeDriver safe.
ChromeDriver was started successfully.
Jan 06, 2023 6:16:10 PM org.openqa.selenium.devtools.CdpVersionFinder findNearestMatch
WARNING: Unable to find an exact match for CDP version 108, so returning the closest version found: 106
]]></system-err>
  </testcase>
  <testcase name="Fight Reservation" classname="Login" time="6.858">
    <system-out><![CDATA[
@regression
Scenario: Fight Reservation                                               # src/test/resources/Features/Login.feature:33
18:16:14.097 [main] INFO  stepDefinitions.BaseClass - Browser is launched
  Given User launch chrome browser                                        # stepDefinitions.Steps.user_launch_chrome_browser()
18:16:14.098 [main] INFO  stepDefinitions.BaseClass - Baseurl is opened
  When User opens url "https://demo.guru99.com/test/newtours/"            # stepDefinitions.Steps.user_opens_url(java.lang.String)
18:16:15.064 [main] INFO  stepDefinitions.BaseClass - Entered username and password
  Then User enters User Name as "KusMeh" and Password as "KusMeh"         # stepDefinitions.Steps.user_enters_user_name_as_and_password_as(java.lang.String,java.lang.String)
18:16:15.150 [main] INFO  stepDefinitions.BaseClass - Clicked Submit
  And Clicks on submit button                                             # stepDefinitions.Steps.clicks_on_submit_button()
18:16:15.642 [main] INFO  stepDefinitions.BaseClass - Login Passed with valid credentials
  Then Page title should be "Login: Mercury Tours"                        # stepDefinitions.Steps.page_title_should_be(java.lang.String)
  When User clicks on Flights link                                        # stepDefinitions.Steps.user_clicks_on_flights_link()
  And Enters Flight details and Preferences                               # stepDefinitions.Steps.enters_flight_details_and_preferences()
  And Clicks Continue button                                              # stepDefinitions.Steps.clicks_continue_button()
  Then User can view message "After flight finder - No Seats Avaialble  " # stepDefinitions.Steps.user_can_view_message(java.lang.String)
18:16:19.801 [main] INFO  stepDefinitions.BaseClass - Browser Closed
  And Close browser                                                       # stepDefinitions.Steps.close_browser()
]]></system-out>
    <system-err><![CDATA[Starting ChromeDriver 108.0.5359.71 (1e0e3868ee06e91ad636a874420e3ca3ae3756ac-refs/branch-heads/5359@{#1016}) on port 36770
Only local connections are allowed.
Please see https://chromedriver.chromium.org/security-considerations for suggestions on keeping ChromeDriver safe.
ChromeDriver was started successfully.
Jan 06, 2023 6:16:13 PM org.openqa.selenium.devtools.CdpVersionFinder findNearestMatch
WARNING: Unable to find an exact match for CDP version 108, so returning the closest version found: 106
]]></system-err>
  </testcase>
  <testcase name="Successful Login with Valid Credentials" classname="Register" time="3.864">
    <system-out><![CDATA[
@sanity @regression
Scenario: Successful Login with Valid Credentials                      # src/test/resources/Features/Register.feature:4
18:16:20.946 [main] INFO  stepDefinitions.BaseClass - Browser is launched
  Given User launch chrome browser                                     # stepDefinitions.Steps.user_launch_chrome_browser()
18:16:20.947 [main] INFO  stepDefinitions.BaseClass - Baseurl is opened
  When User opens url "https://demo.guru99.com/test/newtours/"         # stepDefinitions.Steps.user_opens_url(java.lang.String)
  And Clicks on REGISTER link                                          # stepDefinitions.Steps.clicks_on_register_link()
18:16:22.322 [main] INFO  stepDefinitions.BaseClass - Login Passed with valid credentials
  Then Page title should be "Register: Mercury Tours"                  # stepDefinitions.Steps.page_title_should_be(java.lang.String)
  Then Enters New User details                                         # stepDefinitions.Steps.enters_new_user_details()
18:16:23.215 [main] INFO  stepDefinitions.BaseClass - Clicked Submit
  And Clicks on submit button                                          # stepDefinitions.Steps.clicks_on_submit_button()
  Then User can view configuration message "Thank you for registering" # stepDefinitions.Steps.user_can_view_configuration_message(java.lang.String)
18:16:23.709 [main] INFO  stepDefinitions.BaseClass - Browser Closed
  And Close browser                                                    # stepDefinitions.Steps.close_browser()
]]></system-out>
    <system-err><![CDATA[Starting ChromeDriver 108.0.5359.71 (1e0e3868ee06e91ad636a874420e3ca3ae3756ac-refs/branch-heads/5359@{#1016}) on port 26353
Only local connections are allowed.
Please see https://chromedriver.chromium.org/security-considerations for suggestions on keeping ChromeDriver safe.
ChromeDriver was started successfully.
Jan 06, 2023 6:16:20 PM org.openqa.selenium.devtools.CdpVersionFinder findNearestMatch
WARNING: Unable to find an exact match for CDP version 108, so returning the closest version found: 106
]]></system-err>
  </testcase>
</testsuite>